GDXXRW           24.1.2 r40979 Released Jun 16, 2013 VS8 x86/MS Windows       
Excel version 16.0
Input file : C:\Users\Utilizador\Desktop\Diss\Simulations\69B_Simulations\69Bus\SimData.xlsx
Output file: C:\Users\Utilizador\Desktop\Diss\Simulations\69B_Simulations\69Bus\SimData.gdx
Type Symbol       Dim     Sheet                Data          RowHeader     ColHeader     
Loading sheet Transmission
Reading data from Excel: Width = 40  Height = 74
Par  NodeData       2     Transmission         K2:R70        J2:J70        K1:R1         
Par  LineData       2     Transmission         B2:H74        A2:A74        B1:H1         
Loading sheet Generation
Reading data from Excel: Width = 27  Height = 39
Par  DGData         2     Generation           B2:L7         A2:A7         B1:L1         
Loading sheet Reactive
Reading data from Excel: Width = 25  Height = 76
Par  ReactivePower   2     Reactive             B2:Y70        A2:A70        B1:Y1         
Loading sheet Active
Reading data from Excel: Width = 25  Height = 76
Par  ActivePower    2     Active               B2:Y70        A2:A70        B1:Y1         
Par  Renewabels     2     Generation           B16:E39       A16:A39       B15:E15       
Par  DR_Priority_Factor   2     Generation           L10:L13       K10:K13       L9:L9         
Loading sheet Status
Reading data from Excel: Width = 20  Height = 1045
Par  StatusScenarios   2     Status               B2:G74        A2:A74        B1:G1         
Total time = 2188 Ms
